<?xml version="1.0" encoding="UTF-8"?>
<testsuite name="com.repill.was.WasApplicationTests" tests="1" skipped="0" failures="0" errors="0" timestamp="2023-12-19T15:28:03" hostname="LeeSgui-MacBookPro.local" time="0.058">
  <properties/>
  <testcase name="contextLoads()" classname="com.repill.was.WasApplicationTests" time="0.058"/>
  <system-out><![CDATA[00:27:54.743 [Test worker] DEBUG org.springframework.test.context.BootstrapUtils - Instantiating CacheAwareContextLoaderDelegate from class [org.springframework.test.context.cache.DefaultCacheAwareContextLoaderDelegate]
00:27:54.748 [Test worker] DEBUG org.springframework.test.context.BootstrapUtils - Instantiating BootstrapContext using constructor [public org.springframework.test.context.support.DefaultBootstrapContext(java.lang.Class,org.springframework.test.context.CacheAwareContextLoaderDelegate)]
00:27:54.764 [Test worker] DEBUG org.springframework.test.context.BootstrapUtils - Instantiating TestContextBootstrapper for test class [com.repill.was.WasApplicationTests] from class [org.springframework.boot.test.context.SpringBootTestContextBootstrapper]
00:27:54.769 [Test worker] INFO org.springframework.boot.test.context.SpringBootTestContextBootstrapper - Neither @ContextConfiguration nor @ContextHierarchy found for test class [com.repill.was.WasApplicationTests], using SpringBootContextLoader
00:27:54.770 [Test worker] DEBUG org.springframework.test.context.support.AbstractContextLoader - Did not detect default resource location for test class [com.repill.was.WasApplicationTests]: class path resource [com/repill/was/WasApplicationTests-context.xml] does not exist
00:27:54.770 [Test worker] DEBUG org.springframework.test.context.support.AbstractContextLoader - Did not detect default resource location for test class [com.repill.was.WasApplicationTests]: class path resource [com/repill/was/WasApplicationTestsContext.groovy] does not exist
00:27:54.771 [Test worker] INFO org.springframework.test.context.support.AbstractContextLoader - Could not detect default resource locations for test class [com.repill.was.WasApplicationTests]: no resource found for suffixes {-context.xml, Context.groovy}.
00:27:54.771 [Test worker] INFO org.springframework.test.context.support.AnnotationConfigContextLoaderUtils - Could not detect default configuration classes for test class [com.repill.was.WasApplicationTests]: WasApplicationTests does not declare any static, non-private, non-final, nested classes annotated with @Configuration.
00:27:54.790 [Test worker] DEBUG org.springframework.test.context.support.ActiveProfilesUtils - Could not find an 'annotation declaring class' for annotation type [org.springframework.test.context.ActiveProfiles] and class [com.repill.was.WasApplicationTests]
00:27:54.815 [Test worker] DEBUG org.springframework.context.annotation.ClassPathScanningCandidateComponentProvider - Identified candidate component class: file [/Users/leesg/Desktop/REPILL/build/classes/java/main/com/repill/was/WasApplication.class]
00:27:54.815 [Test worker] INFO org.springframework.boot.test.context.SpringBootTestContextBootstrapper - Found @SpringBootConfiguration com.repill.was.WasApplication for test class com.repill.was.WasApplicationTests
00:27:54.862 [Test worker] DEBUG org.springframework.boot.test.context.SpringBootTestContextBootstrapper - @TestExecutionListeners is not present for class [com.repill.was.WasApplicationTests]: using defaults.
00:27:54.862 [Test worker] INFO org.springframework.boot.test.context.SpringBootTestContextBootstrapper - Loaded default TestExecutionListener class names from location [META-INF/spring.factories]: [org.springframework.security.test.context.support.WithSecurityContextTestExecutionListener, org.springframework.security.test.context.support.ReactorContextTestExecutionListener, org.springframework.boot.test.autoconfigure.restdocs.RestDocsTestExecutionListener, org.springframework.boot.test.autoconfigure.web.client.MockRestServiceServerResetTestExecutionListener, org.springframework.boot.test.autoconfigure.web.servlet.MockMvcPrintOnlyOnFailureTestExecutionListener, org.springframework.boot.test.autoconfigure.web.servlet.WebDriverTestExecutionListener, org.springframework.boot.test.autoconfigure.webservices.client.MockWebServiceServerTestExecutionListener, org.springframework.boot.test.mock.mockito.MockitoTestExecutionListener, org.springframework.boot.test.mock.mockito.ResetMocksTestExecutionListener, org.springframework.test.context.web.ServletTestExecutionListener, org.springframework.test.context.support.DirtiesContextBeforeModesTestExecutionListener, org.springframework.test.context.event.ApplicationEventsTestExecutionListener, org.springframework.test.context.support.DependencyInjectionTestExecutionListener, org.springframework.test.context.support.DirtiesContextTestExecutionListener, org.springframework.test.context.transaction.TransactionalTestExecutionListener, org.springframework.test.context.jdbc.SqlScriptsTestExecutionListener, org.springframework.test.context.event.EventPublishingTestExecutionListener]
00:27:54.875 [Test worker] INFO org.springframework.boot.test.context.SpringBootTestContextBootstrapper - Using TestExecutionListeners: [org.springframework.test.context.web.ServletTestExecutionListener@5bbbdd4b, org.springframework.test.context.support.DirtiesContextBeforeModesTestExecutionListener@438bad7c, org.springframework.test.context.event.ApplicationEventsTestExecutionListener@25230246, org.springframework.boot.test.mock.mockito.MockitoTestExecutionListener@4fdf8f12, org.springframework.boot.test.autoconfigure.SpringBootDependencyInjectionTestExecutionListener@4a8b5227, org.springframework.test.context.support.DirtiesContextTestExecutionListener@54f5f647, org.springframework.test.context.transaction.TransactionalTestExecutionListener@6979efad, org.springframework.test.context.jdbc.SqlScriptsTestExecutionListener@5a6d5a8f, org.springframework.security.test.context.support.WithSecurityContextTestExecutionListener@4a67318f, org.springframework.test.context.event.EventPublishingTestExecutionListener@315ba14a, org.springframework.security.test.context.support.ReactorContextTestExecutionListener@17f9344b, org.springframework.boot.test.autoconfigure.restdocs.RestDocsTestExecutionListener@27f0ad19, org.springframework.boot.test.autoconfigure.web.client.MockRestServiceServerResetTestExecutionListener@54e81b21, org.springframework.boot.test.autoconfigure.web.servlet.MockMvcPrintOnlyOnFailureTestExecutionListener@38d5b107, org.springframework.boot.test.autoconfigure.web.servlet.WebDriverTestExecutionListener@6650813a, org.springframework.boot.test.autoconfigure.webservices.client.MockWebServiceServerTestExecutionListener@44ea608c, org.springframework.boot.test.mock.mockito.ResetMocksTestExecutionListener@50cf5a23]
00:27:54.878 [Test worker] DEBUG org.springframework.test.context.support.AbstractDirtiesContextTestExecutionListener - Before test class: context [DefaultTestContext@b273a59 testClass = WasApplicationTests, testInstance = [null], testMethod = [null], testException = [null], mergedContextConfiguration = [WebMergedContextConfiguration@4e7095ac testClass = WasApplicationTests, locations = '{}', classes = '{class com.repill.was.WasApplication}', contextInitializerClasses = '[]', activeProfiles = '{}', propertySourceLocations = '{}', propertySourceProperties = '{org.springframework.boot.test.context.SpringBootTestContextBootstrapper=true}', contextCustomizers = set[org.springframework.boot.test.autoconfigure.actuate.metrics.MetricsExportContextCustomizerFactory$DisableMetricExportContextCustomizer@14f5da2c, org.springframework.boot.test.autoconfigure.properties.PropertyMappingContextCustomizer@0, org.springframework.boot.test.autoconfigure.web.servlet.WebDriverContextCustomizerFactory$Customizer@5ad10c1a, org.springframework.boot.test.context.filter.ExcludeFilterContextCustomizer@76f7d241, org.springframework.boot.test.json.DuplicateJsonObjectContextCustomizerFactory$DuplicateJsonObjectContextCustomizer@1bb1fde8, org.springframework.boot.test.mock.mockito.MockitoContextCustomizer@0, org.springframework.boot.test.web.client.TestRestTemplateContextCustomizer@26a4842b, org.springframework.boot.test.web.reactive.server.WebTestClientContextCustomizer@78fb9a67, org.springframework.boot.test.context.SpringBootTestArgs@1, org.springframework.boot.test.context.SpringBootTestWebEnvironment@13b3d178], resourceBasePath = 'src/main/webapp', contextLoader = 'org.springframework.boot.test.context.SpringBootContextLoader', parent = [null]], attributes = map['org.springframework.test.context.web.ServletTestExecutionListener.activateListener' -> true]], class annotated with @DirtiesContext [false] with mode [null].
[2023-12-20 00:28:00:5403] ?[32m[Test worker]?[0;39m ?[31mWARN ?[0;39m ?[1;37m[org.springframework.boot.test.json.DuplicateJsonObjectContextCustomizerFactory$DuplicateJsonObjectContextCustomizer.logDuplicateJsonObjectsWarning:?[33m78?[0;39m]?[0;39m - 

Found multiple occurrences of org.json.JSONObject on the class path:

	jar:file:/Users/leesg/.gradle/caches/modules-2/files-2.1/org.json/json/20200518/41a767de4bde8f01d53856b905c49b2db8862f13/json-20200518.jar!/org/json/JSONObject.class
	jar:file:/Users/leesg/.gradle/caches/modules-2/files-2.1/com.vaadin.external.google/android-json/0.0.20131108.vaadin1/fa26d351fe62a6a17f5cda1287c1c6110dec413f/android-json-0.0.20131108.vaadin1.jar!/org/json/JSONObject.class

You may wish to exclude one of them to ensure predictable runtime behavior

[2023-12-20 00:28:00:5413] ?[32m[Test worker]?[0;39m ?[34mINFO ?[0;39m ?[1;37m[org.springframework.boot.StartupInfoLogger.logStarting:?[33m55?[0;39m]?[0;39m - Starting WasApplicationTests using Java 11.0.18 on LeeSgui-MacBookPro.local with PID 93611 (started by leesg in /Users/leesg/Desktop/REPILL)
[2023-12-20 00:28:00:5413] ?[32m[Test worker]?[0;39m ?[34mINFO ?[0;39m ?[1;37m[org.springframework.boot.SpringApplication.logStartupProfileInfo:?[33m637?[0;39m]?[0;39m - The following 4 profiles are active: "jwt", "datasource", "webclient", "dev"
[2023-12-20 00:28:00:5717] ?[32m[Test worker]?[0;39m ?[34mINFO ?[0;39m ?[1;37m[org.springframework.data.repository.config.RepositoryConfigurationDelegate.registerRepositoriesIn:?[33m132?[0;39m]?[0;39m - Bootstrapping Spring Data JPA repositories in DEFAULT mode.
[2023-12-20 00:28:00:5826] ?[32m[Test worker]?[0;39m ?[34mINFO ?[0;39m ?[1;37m[org.springframework.data.repository.config.RepositoryConfigurationDelegate.registerRepositoriesIn:?[33m201?[0;39m]?[0;39m - Finished Spring Data repository scanning in 105 ms. Found 13 JPA repository interfaces.
[2023-12-20 00:28:00:5987] ?[32m[Test worker]?[0;39m ?[34mINFO ?[0;39m ?[1;37m[org.springframework.core.log.LogAccessor.info:?[33m292?[0;39m]?[0;39m - No bean named 'errorChannel' has been explicitly defined. Therefore, a default PublishSubscribeChannel will be created.
[2023-12-20 00:28:00:5993] ?[32m[Test worker]?[0;39m ?[34mINFO ?[0;39m ?[1;37m[org.springframework.core.log.LogAccessor.info:?[33m292?[0;39m]?[0;39m - No bean named 'integrationHeaderChannelRegistry' has been explicitly defined. Therefore, a default DefaultHeaderChannelRegistry will be created.
[2023-12-20 00:28:00:6222] ?[32m[Test worker]?[0;39m ?[34mINFO ?[0;39m ?[1;37m[com.zaxxer.hikari.HikariDataSource.<init>:?[33m80?[0;39m]?[0;39m - HikariPool-1 - Starting...
[2023-12-20 00:28:01:6450] ?[32m[Test worker]?[0;39m ?[34mINFO ?[0;39m ?[1;37m[com.zaxxer.hikari.HikariDataSource.<init>:?[33m82?[0;39m]?[0;39m - HikariPool-1 - Start completed.
[2023-12-20 00:28:01:6528] ?[32m[Test worker]?[0;39m ?[34mINFO ?[0;39m ?[1;37m[org.hibernate.jpa.internal.util.LogHelper.logPersistenceUnitInformation:?[33m31?[0;39m]?[0;39m - HHH000204: Processing PersistenceUnitInfo [name: default]
[2023-12-20 00:28:01:6548] ?[32m[Test worker]?[0;39m ?[34mINFO ?[0;39m ?[1;37m[org.hibernate.Version.logVersion:?[33m44?[0;39m]?[0;39m - HHH000412: Hibernate ORM core version 5.6.15.Final
[2023-12-20 00:28:01:6623] ?[32m[Test worker]?[0;39m ?[34mINFO ?[0;39m ?[1;37m[org.hibernate.annotations.common.reflection.java.JavaReflectionManager.<clinit>:?[33m56?[0;39m]?[0;39m - HCANN000001: Hibernate Commons Annotations {5.1.2.Final}
[2023-12-20 00:28:01:6674] ?[32m[Test worker]?[0;39m ?[34mINFO ?[0;39m ?[1;37m[org.hibernate.dialect.Dialect.<init>:?[33m175?[0;39m]?[0;39m - HHH000400: Using dialect: org.hibernate.dialect.MySQL57Dialect
[2023-12-20 00:28:01:6714] ?[32m[Test worker]?[0;39m ?[31mWARN ?[0;39m ?[1;37m[org.hibernate.cfg.AnnotationBinder.processJoinedDiscriminatorProperties:?[33m915?[0;39m]?[0;39m - HHH000457: Joined inheritance hierarchy [com.repill.was.comment.entity.Comment] defined explicit @DiscriminatorColumn.  Legacy Hibernate behavior was to ignore the @DiscriminatorColumn.  However, as part of issue HHH-6911 we now apply the explicit @DiscriminatorColumn.  If you would prefer the legacy behavior, enable the `hibernate.discriminator.ignore_explicit_for_joined` setting (hibernate.discriminator.ignore_explicit_for_joined=true)
[2023-12-20 00:28:02:7291] ?[32m[Test worker]?[0;39m ?[34mINFO ?[0;39m ?[1;37m[org.hibernate.engine.transaction.jta.platform.internal.JtaPlatformInitiator.initiateService:?[33m52?[0;39m]?[0;39m - HHH000490: Using JtaPlatform implementation: [org.hibernate.engine.transaction.jta.platform.internal.NoJtaPlatform]
[2023-12-20 00:28:02:7297] ?[32m[Test worker]?[0;39m ?[34mINFO ?[0;39m ?[1;37m[org.springframework.orm.jpa.AbstractEntityManagerFactoryBean.buildNativeEntityManagerFactory:?[33m437?[0;39m]?[0;39m - Initialized JPA EntityManagerFactory for persistence unit 'default'
[2023-12-20 00:28:02:7392] ?[32m[Test worker]?[0;39m ?[39mDEBUG?[0;39m ?[1;37m[org.springframework.jdbc.core.JdbcTemplate.update:?[33m537?[0;39m]?[0;39m - Executing SQL update [UPDATE machine_sequence SET sequence = sequence + 1]
[2023-12-20 00:28:02:7405] ?[32m[Test worker]?[0;39m ?[39mDEBUG?[0;39m ?[1;37m[org.springframework.jdbc.core.JdbcTemplate.query:?[33m440?[0;39m]?[0;39m - Executing SQL query [SELECT sequence FROM machine_sequence]
[2023-12-20 00:28:02:8224] ?[32m[Test worker]?[0;39m ?[34mINFO ?[0;39m ?[1;37m[org.springframework.security.web.DefaultSecurityFilterChain.<init>:?[33m55?[0;39m]?[0;39m - Will secure any request with [org.springframework.security.web.session.DisableEncodeUrlFilter@d56d9f6, org.springframework.security.web.context.request.async.WebAsyncManagerIntegrationFilter@358f85b1, org.springframework.security.web.context.SecurityContextPersistenceFilter@33428132, org.springframework.security.web.header.HeaderWriterFilter@60666985, org.springframework.web.filter.CorsFilter@2b01bb54, org.springframework.security.web.authentication.logout.LogoutFilter@3622c9f0, com.repill.was.global.exception.GlobalExceptionFilterHandler@e822394, org.springframework.security.web.savedrequest.RequestCacheAwareFilter@6cf71064, org.springframework.security.web.servletapi.SecurityContextHolderAwareRequestFilter@4e8036bb, org.springframework.security.web.authentication.AnonymousAuthenticationFilter@3520d2db, org.springframework.security.web.session.SessionManagementFilter@7ba38cce, org.springframework.security.web.access.ExceptionTranslationFilter@77393f2e, org.springframework.security.web.access.intercept.FilterSecurityInterceptor@6d985720]
[2023-12-20 00:28:03:8530] ?[32m[Test worker]?[0;39m ?[34mINFO ?[0;39m ?[1;37m[org.springframework.core.log.LogAccessor.info:?[33m174?[0;39m]?[0;39m - Adding {logging-channel-adapter:_org.springframework.integration.errorLogger} as a subscriber to the 'errorChannel' channel
[2023-12-20 00:28:03:8530] ?[32m[Test worker]?[0;39m ?[34mINFO ?[0;39m ?[1;37m[org.springframework.core.log.LogAccessor.info:?[33m174?[0;39m]?[0;39m - Channel 'was.errorChannel' has 1 subscriber(s).
[2023-12-20 00:28:03:8530] ?[32m[Test worker]?[0;39m ?[34mINFO ?[0;39m ?[1;37m[org.springframework.core.log.LogAccessor.info:?[33m292?[0;39m]?[0;39m - started bean '_org.springframework.integration.errorLogger'
[2023-12-20 00:28:03:8710] ?[32m[Test worker]?[0;39m ?[34mINFO ?[0;39m ?[1;37m[org.springframework.boot.StartupInfoLogger.logStarted:?[33m61?[0;39m]?[0;39m - Started WasApplicationTests in 8.542 seconds (JVM running for 9.09)
]]></system-out>
  <system-err><![CDATA[]]></system-err>
</testsuite>
